d:\vs projects\facultatives\x64\debug\vc143.pdb
d:\vs projects\facultatives\x64\debug\.netframework,version=v4.7.2.assemblyattributes.obj
d:\vs projects\facultatives\x64\debug\myform.obj
d:\vs projects\facultatives\x64\debug\facultatives.exe
d:\vs projects\facultatives\x64\debug\facultatives.vcxproj.assemblyreference.cache
d:\vs projects\facultatives\x64\debug\facultatives.vcxproj.generateresource.cache
d:\vs projects\facultatives\x64\debug\facultatives.vcxproj.suggestedbindingredirects.cache
d:\vs projects\facultatives\x64\debug\facultatives.myform.resources
d:\vs projects\facultatives\x64\debug\facultatives.pdb
d:\vs projects\facultatives\x64\debug\.netframework,version=v4.7.2.assemblyattributes.nativecodeanalysis.xml
d:\vs projects\facultatives\x64\debug\myform.nativecodeanalysis.xml
d:\vs projects\facultatives\x64\debug\facultatives.tlog\cl.command.1.tlog
d:\vs projects\facultatives\x64\debug\facultatives.tlog\cl.read.1.tlog
d:\vs projects\facultatives\x64\debug\facultatives.tlog\cl.write.1.tlog
d:\vs projects\facultatives\x64\debug\facultatives.tlog\link.command.1.tlog
d:\vs projects\facultatives\x64\debug\facultatives.tlog\link.read.1.tlog
d:\vs projects\facultatives\x64\debug\facultatives.tlog\link.write.1.tlog
d:\vs projects\facultatives\x64\debug\facultatives.tlog\metagen.read.1.tlog
d:\vs projects\facultatives\x64\debug\facultatives.tlog\metagen.write.1.tlog
d:\vs projects\facultatives\x64\debug\facultatives.tlog\resgen.command.1.tlog
d:\vs projects\facultatives\x64\debug\facultatives.tlog\resgen.read.1.tlog
d:\vs projects\facultatives\x64\debug\facultatives.tlog\resgen.write.1.tlog
